#
# There is insufficient memory for the Java Runtime Environment to continue.
# Native memory allocation (mmap) failed to map 536870912 bytes for G1 virtual space
# Possible reasons:
#   The system is out of physical RAM or swap space
#   The process is running with CompressedOops enabled, and the Java Heap may be blocking the growth of the native heap
# Possible solutions:
#   Reduce memory load on the system
#   Increase physical memory or swap space
#   Check if swap backing store is full
#   Decrease Java heap size (-Xmx/-Xms)
#   Decrease number of Java threads
#   Decrease Java thread stack sizes (-Xss)
#   Set larger code cache with -XX:ReservedCodeCacheSize=
#   JVM is running with Zero Based Compressed Oops mode in which the Java heap is
#     placed in the first 32GB address space. The Java Heap base address is the
#     maximum limit for the native heap growth. Please use -XX:HeapBaseMinAddress
#     to set the Java Heap base and to place the Java Heap above 32GB virtual address.
# This output file may be truncated or incomplete.
#
#  Out of Memory Error (os_windows.cpp:3557), pid=3507500, tid=3502088
#
# JRE version:  (17.0.6+10) (build )
# Java VM: OpenJDK 64-Bit Server VM (17.0.6+10, mixed mode, sharing, tiered, compressed oops, compressed class ptrs, g1 gc, windows-amd64)
# No core dump will be written. Minidumps are not enabled by default on client versions of Windows
#

---------------  S U M M A R Y ------------

Command Line: -XX:+ShowCodeDetailsInExceptionMessages -agentlib:jdwp=transport=dt_socket,suspend=y,address=localhost:65444 -javaagent:C:\Users\beerim\eclipse\java-2022-12\eclipse\configuration\org.eclipse.osgi\227\0\.cp\lib\javaagent-shaded.jar -Dfile.encoding=UTF-8 mainPackage.RunnerClass

Host: Intel(R) Xeon(R) Platinum 8370C CPU @ 2.80GHz, 4 cores, 31G,  Windows 10 , 64 bit Build 19041 (10.0.19041.2913)
Time: Wed Sep  6 02:10:10 2023 Eastern Daylight Time elapsed time: 0.216224 seconds (0d 0h 0m 0s)

---------------  T H R E A D  ---------------

Current thread (0x00000178ac3aa440):  JavaThread "Unknown thread" [_thread_in_vm, id=3502088, stack(0x0000000a4f100000,0x0000000a4f200000)]

Stack: [0x0000000a4f100000,0x0000000a4f200000]
Native frames: (J=compiled Java code, j=interpreted, Vv=VM code, C=native code)
V  [jvm.dll+0x67741a]
V  [jvm.dll+0x834434]
V  [jvm.dll+0x835bde]
V  [jvm.dll+0x836243]
V  [jvm.dll+0x2457b5]
V  [jvm.dll+0x674329]
V  [jvm.dll+0x6689da]
V  [jvm.dll+0x30489b]
V  [jvm.dll+0x30bd96]
V  [jvm.dll+0x35b57e]
V  [jvm.dll+0x35b7af]
V  [jvm.dll+0x2db778]
V  [jvm.dll+0x2dc6e4]
V  [jvm.dll+0x806131]
V  [jvm.dll+0x369331]
V  [jvm.dll+0x7e56ac]
V  [jvm.dll+0x3eb35f]
V  [jvm.dll+0x3ecea1]
C  [jli.dll+0x5267]
C  [ucrtbase.dll+0x21bb2]
C  [KERNEL32.DLL+0x17614]
C  [ntdll.dll+0x526a1]


---------------  P R O C E S S  ---------------

Threads class SMR info:
_java_thread_list=0x00007ff937795fd8, length=0, elements={
}

Java Threads: ( => current thread )

Other Threads:
  0x00000178ac456300 GCTaskThread "GC Thread#0" [stack: 0x0000000a4f200000,0x0000000a4f300000] [id=3507696]
  0x00000178d3be82a0 ConcurrentGCThread "G1 Main Marker" [stack: 0x0000000a4f300000,0x0000000a4f400000] [id=16232]
  0x00000178d3be93a0 ConcurrentGCThread "G1 Conc#0" [stack: 0x0000000a4f400000,0x0000000a4f500000] [id=3500652]

[error occurred during error reporting (printing all threads), id 0xc0000005, EXCEPTION_ACCESS_VIOLATION (0xc0000005) at pc=0x00007ff936f6c1e7]

VM state: not at safepoint (not fully initialized)

VM Mutex/Monitor currently owned by a thread:  ([mutex/lock_event])
[0x00000178ac3a56c0] Heap_lock - owner thread: 0x00000178ac3aa440

Heap address: 0x0000000600c00000, size: 8180 MB, Compressed Oops mode: Zero based, Oop shift amount: 3

CDS archive(s) mapped at: [0x0000000000000000-0x0000000000000000-0x0000000000000000), size 0, SharedBaseAddress: 0x0000000800000000, ArchiveRelocationMode: 0.
Narrow klass base: 0x0000000000000000, Narrow klass shift: 0, Narrow klass range: 0x0

GC Precious Log:
<Empty>

Heap:
 garbage-first heap   total 0K, used 0K [0x0000000600c00000, 0x0000000800000000)
  region size 4096K, 0 young (0K), 0 survivors (0K)

[error occurred during error reporting (printing heap information), id 0xc0000005, EXCEPTION_ACCESS_VIOLATION (0xc0000005) at pc=0x00007ff9373506f9]

GC Heap History (0 events):
No events

Dll operation events (1 events):
Event: 0.170 Loaded shared library C:\Users\beerim\.p2\pool\plugins\org.eclipse.justj.openjdk.hotspot.jre.full.win32.x86_64_17.0.6.v20230204-1729\jre\bin\java.dll

Deoptimization events (0 events):
No events

Classes unloaded (0 events):
No events

Classes redefined (0 events):
No events

Internal exceptions (0 events):
No events

VM Operations (0 events):
No events

Events (0 events):
No events


Dynamic libraries:
0x00007ff6297d0000 - 0x00007ff6297de000 	C:\Users\beerim\.p2\pool\plugins\org.eclipse.justj.openjdk.hotspot.jre.full.win32.x86_64_17.0.6.v20230204-1729\jre\bin\javaw.exe
0x00007ff9924d0000 - 0x00007ff9926c8000 	C:\WINDOWS\SYSTEM32\ntdll.dll
0x00007ff990c60000 - 0x00007ff990d1f000 	C:\WINDOWS\System32\KERNEL32.DLL
0x00007ff98fec0000 - 0x00007ff9901b6000 	C:\WINDOWS\System32\KERNELBASE.dll
0x00007ff968b00000 - 0x00007ff968bcf000 	C:\Program Files\Bitdefender\Endpoint Security\bdhkm\dlls_266262961697502194\bdhkm64.dll
0x00007ff96e610000 - 0x00007ff96e769000 	C:\Program Files\Bitdefender\Endpoint Security\atcuf\dlls_266708683214443467\atcuf64.dll
0x00007ff98fdc0000 - 0x00007ff98fec0000 	C:\WINDOWS\System32\ucrtbase.dll
0x00007ff9507c0000 - 0x00007ff9507d7000 	C:\Users\beerim\.p2\pool\plugins\org.eclipse.justj.openjdk.hotspot.jre.full.win32.x86_64_17.0.6.v20230204-1729\jre\bin\jli.dll
0x00007ff990650000 - 0x00007ff9907ed000 	C:\WINDOWS\System32\USER32.dll
0x00007ff990500000 - 0x00007ff990522000 	C:\WINDOWS\System32\win32u.dll
0x00007ff9914e0000 - 0x00007ff99150c000 	C:\WINDOWS\System32\GDI32.dll
0x00007ff9903e0000 - 0x00007ff9904f5000 	C:\WINDOWS\System32\gdi32full.dll
0x00007ff990250000 - 0x00007ff9902ed000 	C:\WINDOWS\System32\msvcp_win.dll
0x00007ff950030000 - 0x00007ff950049000 	C:\Users\beerim\.p2\pool\plugins\org.eclipse.justj.openjdk.hotspot.jre.full.win32.x86_64_17.0.6.v20230204-1729\jre\bin\VCRUNTIME140.dll
0x00007ff978d20000 - 0x00007ff978fba000 	C:\WINDOWS\WinSxS\amd64_microsoft.windows.common-controls_6595b64144ccf1df_6.0.19041.1110_none_60b5254171f9507e\COMCTL32.dll
0x00007ff991430000 - 0x00007ff9914ce000 	C:\WINDOWS\System32\msvcrt.dll
0x00007ff990dd0000 - 0x00007ff990e00000 	C:\WINDOWS\System32\IMM32.DLL
0x00007ff9664d0000 - 0x00007ff9664dc000 	C:\Users\beerim\.p2\pool\plugins\org.eclipse.justj.openjdk.hotspot.jre.full.win32.x86_64_17.0.6.v20230204-1729\jre\bin\vcruntime140_1.dll
0x00007ff938c20000 - 0x00007ff938cb1000 	C:\Users\beerim\.p2\pool\plugins\org.eclipse.justj.openjdk.hotspot.jre.full.win32.x86_64_17.0.6.v20230204-1729\jre\bin\msvcp140.dll
0x00007ff936c80000 - 0x00007ff9378c7000 	C:\Users\beerim\.p2\pool\plugins\org.eclipse.justj.openjdk.hotspot.jre.full.win32.x86_64_17.0.6.v20230204-1729\jre\bin\server\jvm.dll
0x00007ff991d20000 - 0x00007ff991dcf000 	C:\WINDOWS\System32\ADVAPI32.dll
0x00007ff992130000 - 0x00007ff9921cc000 	C:\WINDOWS\System32\sechost.dll
0x00007ff992230000 - 0x00007ff992356000 	C:\WINDOWS\System32\RPCRT4.dll
0x00007ff979070000 - 0x00007ff979079000 	C:\WINDOWS\SYSTEM32\WSOCK32.dll
0x00007ff991330000 - 0x00007ff99139b000 	C:\WINDOWS\System32\WS2_32.dll
0x00007ff9852f0000 - 0x00007ff985317000 	C:\WINDOWS\SYSTEM32\WINMM.dll
0x00007ff988660000 - 0x00007ff98866a000 	C:\WINDOWS\SYSTEM32\VERSION.dll
0x00007ff98d8f0000 - 0x00007ff98d902000 	C:\WINDOWS\SYSTEM32\kernel.appcore.dll
0x00007ff989e70000 - 0x00007ff989e7a000 	C:\Users\beerim\.p2\pool\plugins\org.eclipse.justj.openjdk.hotspot.jre.full.win32.x86_64_17.0.6.v20230204-1729\jre\bin\jimage.dll
0x00007ff98a3a0000 - 0x00007ff98a584000 	C:\WINDOWS\SYSTEM32\DBGHELP.DLL
0x00007ff98a2d0000 - 0x00007ff98a304000 	C:\WINDOWS\SYSTEM32\dbgcore.DLL
0x00007ff9901c0000 - 0x00007ff990242000 	C:\WINDOWS\System32\bcryptPrimitives.dll
0x00007ff94dc10000 - 0x00007ff94dc4b000 	C:\Users\beerim\.p2\pool\plugins\org.eclipse.justj.openjdk.hotspot.jre.full.win32.x86_64_17.0.6.v20230204-1729\jre\bin\jdwp.dll
0x00007ff965930000 - 0x00007ff96593e000 	C:\Users\beerim\.p2\pool\plugins\org.eclipse.justj.openjdk.hotspot.jre.full.win32.x86_64_17.0.6.v20230204-1729\jre\bin\instrument.dll
0x00007ff972510000 - 0x00007ff972535000 	C:\Users\beerim\.p2\pool\plugins\org.eclipse.justj.openjdk.hotspot.jre.full.win32.x86_64_17.0.6.v20230204-1729\jre\bin\java.dll

dbghelp: loaded successfully - version: 4.0.5 - missing functions: none
symbol engine: initialized successfully - sym options: 0x614 - pdb path: .;C:\Users\beerim\.p2\pool\plugins\org.eclipse.justj.openjdk.hotspot.jre.full.win32.x86_64_17.0.6.v20230204-1729\jre\bin;C:\WINDOWS\SYSTEM32;C:\Program Files\Bitdefender\Endpoint Security\bdhkm\dlls_266262961697502194;C:\Program Files\Bitdefender\Endpoint Security\atcuf\dlls_266708683214443467;C:\WINDOWS\WinSxS\amd64_microsoft.windows.common-controls_6595b64144ccf1df_6.0.19041.1110_none_60b5254171f9507e;C:\Users\beerim\.p2\pool\plugins\org.eclipse.justj.openjdk.hotspot.jre.full.win32.x86_64_17.0.6.v20230204-1729\jre\bin\server

VM Arguments:
jvm_args: -XX:+ShowCodeDetailsInExceptionMessages -agentlib:jdwp=transport=dt_socket,suspend=y,address=localhost:65444 -javaagent:C:\Users\beerim\eclipse\java-2022-12\eclipse\configuration\org.eclipse.osgi\227\0\.cp\lib\javaagent-shaded.jar -Dfile.encoding=UTF-8 
java_command: mainPackage.RunnerClass
java_class_path (initial): C:\Users\beerim\git\Lease-Renewals\target\classes;C:\Users\beerim\.m2\repository\io\github\bonigarcia\webdrivermanager\5.4.1\webdrivermanager-5.4.1.jar;C:\Users\beerim\.m2\repository\org\slf4j\slf4j-api\2.0.7\slf4j-api-2.0.7.jar;C:\Users\beerim\.m2\repository\com\google\code\gson\gson\2.10.1\gson-2.10.1.jar;C:\Users\beerim\.m2\repository\com\github\docker-java\docker-java\3.3.2\docker-java-3.3.2.jar;C:\Users\beerim\.m2\repository\com\github\docker-java\docker-java-core\3.3.2\docker-java-core-3.3.2.jar;C:\Users\beerim\.m2\repository\com\github\docker-java\docker-java-api\3.3.2\docker-java-api-3.3.2.jar;C:\Users\beerim\.m2\repository\com\fasterxml\jackson\core\jackson-annotations\2.10.3\jackson-annotations-2.10.3.jar;C:\Users\beerim\.m2\repository\org\apache\commons\commons-compress\1.21\commons-compress-1.21.jar;C:\Users\beerim\.m2\repository\com\fasterxml\jackson\core\jackson-databind\2.10.3\jackson-databind-2.10.3.jar;C:\Users\beerim\.m2\repository\com\fasterxml\jackson\core\jackson-core\2.10.3\jackson-core-2.10.3.jar;C:\Users\beerim\.m2\repository\org\bouncycastle\bcpkix-jdk15on\1.64\bcpkix-jdk15on-1.64.jar;C:\Users\beerim\.m2\repository\org\bouncycastle\bcprov-jdk15on\1.64\bcprov-jdk15on-1.64.jar;C:\Users\beerim\.m2\repository\org\slf4j\jcl-over-slf4j\1.7.30\jcl-over-slf4j-1.7.30.jar;C:\Users\beerim\.m2\repository\com\github\docker-java\docker-java-transport-httpclient5\3.3.2\docker-java-transport-httpclient5-3.3.2.jar;C:\Users\beerim\.m2\repository\com\github\docker-java\docker-java-transport\3.3.2\docker-java-transport-3.3.2.jar;C:\Users\beerim\.m2\repository\net\java\dev\jna\jna\5.12.1\jna-5.12.1.jar;C:\Users\beerim\.m2\repository\org\brotli\dec\0.1.2\dec-0.1.2.jar;C:\Users\beerim\.m2\repository\org\apache\commons\commons-lang3\3.12.0\commons-lang3-3.12.0.jar;C:\Users\beerim\.m2\repository\org\apache\httpcomponents\client5\httpclient5\5.2.1\httpclient5-5.2.1.jar;C:\Users\beerim\.m2\repository\org\apache\httpcomponents\core5\httpcor
Launcher Type: SUN_STANDARD

[Global flags]
     intx CICompilerCount                          = 3                                         {product} {ergonomic}
     uint ConcGCThreads                            = 1                                         {product} {ergonomic}
     uint G1ConcRefinementThreads                  = 4                                         {product} {ergonomic}
   size_t G1HeapRegionSize                         = 4194304                                   {product} {ergonomic}
    uintx GCDrainStackTargetSize                   = 64                                        {product} {ergonomic}
   size_t InitialHeapSize                          = 536870912                                 {product} {ergonomic}
   size_t MarkStackSize                            = 4194304                                   {product} {ergonomic}
   size_t MaxHeapSize                              = 8577351680                                {product} {ergonomic}
   size_t MinHeapDeltaBytes                        = 4194304                                   {product} {ergonomic}
   size_t MinHeapSize                              = 8388608                                   {product} {ergonomic}
    uintx NonNMethodCodeHeapSize                   = 5832780                                {pd product} {ergonomic}
    uintx NonProfiledCodeHeapSize                  = 122912730                              {pd product} {ergonomic}
    uintx ProfiledCodeHeapSize                     = 122912730                              {pd product} {ergonomic}
    uintx ReservedCodeCacheSize                    = 251658240                              {pd product} {ergonomic}
     bool SegmentedCodeCache                       = true                                      {product} {ergonomic}
     bool ShowCodeDetailsInExceptionMessages       = true                                   {manageable} {command line}
   size_t SoftMaxHeapSize                          = 8577351680                             {manageable} {ergonomic}
     bool UseCompressedClassPointers               = true                           {product lp64_product} {ergonomic}
     bool UseCompressedOops                        = true                           {product lp64_product} {ergonomic}
     bool UseG1GC                                  = true                                      {product} {ergonomic}
     bool UseLargePagesIndividualAllocation        = false                                  {pd product} {ergonomic}

Logging:
Log output configuration:
 #0: stdout all=warning uptime,level,tags
 #1: stderr all=off uptime,level,tags

Environment Variables:
PATH=C:\Users\beerim\.p2\pool\plugins\org.eclipse.justj.openjdk.hotspot.jre.full.win32.x86_64_17.0.6.v20230204-1729\jre\bin;C:/Users/beerim/.p2/pool/plugins/org.eclipse.justj.openjdk.hotspot.jre.full.win32.x86_64_17.0.6.v20230204-1729/jre/bin/server;C:/Users/beerim/.p2/pool/plugins/org.eclipse.justj.openjdk.hotspot.jre.full.win32.x86_64_17.0.6.v20230204-1729/jre/bin;C:\Program Files\Common Files\Oracle\Java\javapath;C:\WINDOWS\system32;C:\WINDOWS;C:\WINDOWS\System32\Wbem;C:\WINDOWS\System32\WindowsPowerShell\v1.0\;C:\WINDOWS\System32\OpenSSH\;C:\Program Files\dotnet\;C:\Program Files (x86)\Microsoft SQL Server\160\DTS\Binn\;C:\Program Files\Azure Data Studio\bin;C:\Users\beerim\AppData\Local\Microsoft\WindowsApps;;C:\Program Files\Azure Data Studio\bin;C:\WINDOWS\system32;
USERNAME=beerim
OS=Windows_NT
PROCESSOR_IDENTIFIER=Intel64 Family 6 Model 106 Stepping 6, GenuineIntel
TMP=C:\Users\beerim\AppData\Local\Temp
TEMP=C:\Users\beerim\AppData\Local\Temp



---------------  S Y S T E M  ---------------

OS:
 Windows 10 , 64 bit Build 19041 (10.0.19041.2913)
OS uptime: 48 days 7:27 hours
Hyper-V virtualization detected

CPU: total 4 (initial active 4) (2 cores per cpu, 2 threads per core) family 6 model 106 stepping 6 microcode 0xffffffff, cx8, cmov, fxsr, ht, mmx, 3dnowpref, sse, sse2, sse3, ssse3, sse4.1, sse4.2, popcnt, lzcnt, tsc, tscinvbit, avx, avx2, aes, erms, clmul, bmi1, bmi2, rtm, adx, avx512f, avx512dq, avx512cd, avx512bw, avx512vl, sha, fma, vzeroupper, avx512_vpopcntdq, avx512_vpclmulqdq, avx512_vaes, avx512_vnni, clflush, clflushopt, clwb, avx512_vbmi2, avx512_vbmi, hv

Memory: 4k page, system-wide physical 32716M (24M free)
TotalPageFile size 51916M (AvailPageFile size 214M)
current process WorkingSet (physical memory assigned to process): 13M, peak: 13M
current process commit charge ("private bytes"): 54M, peak: 566M

vm_info: OpenJDK 64-Bit Server VM (17.0.6+10) for windows-amd64 JRE (17.0.6+10), built on Jan 18 2023 10:08:59 by "temurin" with MS VC++ 16.7 (VS2019)

END.
